2026-04-10 23:53:41.047 | INFO     | main:lifespan:26 | ApexAI startup — initializing database …
2026-04-10 23:53:41.129 | SUCCESS  | main:lifespan:28 | Database ready ✓
2026-04-10 23:54:31.058 | INFO     | main:logging_middleware:74 | [?] GET / — start
2026-04-10 23:54:31.061 | INFO     | main:logging_middleware:82 | [5a6f214d] GET / — 404 (2.7ms)
2026-04-10 23:54:31.117 | INFO     | main:logging_middleware:74 | [?] GET /favicon.ico — start
2026-04-10 23:54:31.120 | INFO     | main:logging_middleware:82 | [1e6063b7] GET /favicon.ico — 404 (4.0ms)
2026-04-10 23:55:03.067 | INFO     | main:logging_middleware:74 | [?] GET /docs — start
2026-04-10 23:55:03.070 | INFO     | main:logging_middleware:82 | [411b2130] GET /docs — 200 (2.7ms)
2026-04-10 23:55:07.576 | INFO     | main:logging_middleware:74 | [?] GET /openapi.json — start
2026-04-10 23:55:07.684 | INFO     | main:logging_middleware:82 | [a8373404] GET /openapi.json — 200 (108.2ms)
2026-04-10 23:57:10.972 | INFO     | main:logging_middleware:74 | [?] GET /health — start
2026-04-10 23:57:10.978 | INFO     | main:logging_middleware:82 | [d30617e2] GET /health — 200 (6.1ms)
2026-04-10 23:58:40.017 | INFO     | main:logging_middleware:74 | [?] POST /api/v1/predict — start
2026-04-10 23:58:40.040 | INFO     | routes:predict:38 | [f0cfd783] POST /predict
2026-04-10 23:58:40.041 | INFO     | workflow:run_pipeline:42 | Workflow: Pipeline started (50 chars)
2026-04-10 23:58:40.043 | INFO     | workflow:run_pipeline:45 | → Stage 1: ResumeAgent
2026-04-10 23:58:40.045 | INFO     | agents.resume_agent:run:35 | ResumeAgent: Parsing resume text (50 chars)
2026-04-10 23:58:40.049 | SUCCESS  | agents.resume_agent:run:57 | ResumeAgent: Parsed → name=stringstringstringstringstringstringstringstringst, skills=0
2026-04-10 23:58:40.050 | INFO     | workflow:run_pipeline:49 | → Stage 2: ScoringAgent
2026-04-10 23:58:40.051 | INFO     | agents.scoring_agent:run:34 | ScoringAgent: Scoring candidate 'stringstringstringstringstringstringstringstringst'
2026-04-10 23:58:40.053 | SUCCESS  | agents.scoring_agent:run:60 | ScoringAgent: overall=2.84
2026-04-10 23:58:40.056 | INFO     | workflow:run_pipeline:53 | → Stage 3: AdvisorAgent
2026-04-10 23:58:40.060 | INFO     | agents.advisor_agent:run:12 | AdvisorAgent: Generating advice for 'stringstringstringstringstringstringstringstringst'
2026-04-10 23:58:40.062 | SUCCESS  | agents.advisor_agent:run:26 | AdvisorAgent: 1 strengths, 6 improvements
2026-04-10 23:58:40.064 | INFO     | workflow:run_pipeline:57 | → Stage 4: ReportAgent
2026-04-10 23:58:40.065 | INFO     | agents.report_agent:run:18 | ReportAgent: Generating report for 'stringstringstringstringstringstringstringstringst'
2026-04-10 23:58:40.067 | SUCCESS  | agents.report_agent:run:34 | ReportAgent: Decision = DECLINE
2026-04-10 23:58:40.068 | SUCCESS  | workflow:run_pipeline:61 | Workflow: Pipeline complete in 26.4ms | decision=HiringDecision.DECLINE
2026-04-10 23:58:40.143 | INFO     | main:logging_middleware:82 | [f0cfd783] POST /api/v1/predict — 200 (125.9ms)
2026-04-11 00:02:19.586 | INFO     | main:logging_middleware:74 | [?] POST /api/v1/predict — start
2026-04-11 00:02:19.590 | INFO     | main:logging_middleware:82 | [2acbd684] POST /api/v1/predict — 422 (4.3ms)
2026-04-11 00:03:56.830 | INFO     | main:logging_middleware:74 | [?] POST /api/v1/report — start
2026-04-11 00:03:56.840 | INFO     | routes:generate_report:107 | [fc2129d4] POST /report
2026-04-11 00:03:56.842 | INFO     | agents.report_agent:run:18 | ReportAgent: Generating report for 'string'
2026-04-11 00:03:56.843 | SUCCESS  | agents.report_agent:run:34 | ReportAgent: Decision = HIRE
2026-04-11 00:03:56.855 | INFO     | main:logging_middleware:82 | [fc2129d4] POST /api/v1/report — 200 (25.1ms)
2026-04-11 00:04:01.128 | INFO     | main:logging_middleware:74 | [?] POST /api/v1/report — start
2026-04-11 00:04:01.133 | INFO     | routes:generate_report:107 | [841fa7b3] POST /report
2026-04-11 00:04:01.134 | INFO     | agents.report_agent:run:18 | ReportAgent: Generating report for 'string'
2026-04-11 00:04:01.135 | SUCCESS  | agents.report_agent:run:34 | ReportAgent: Decision = HIRE
2026-04-11 00:04:01.138 | INFO     | main:logging_middleware:82 | [841fa7b3] POST /api/v1/report — 200 (16.7ms)
2026-04-11 00:07:02.632 | INFO     | main:logging_middleware:74 | [?] POST /api/v1/analyze — start
2026-04-11 00:07:02.637 | INFO     | main:logging_middleware:82 | [0dddf48f] POST /api/v1/analyze — 422 (5.1ms)
2026-04-11 00:08:34.563 | INFO     | main:logging_middleware:74 | [?] POST /api/v1/predict — start
2026-04-11 00:08:34.568 | INFO     | main:logging_middleware:82 | [60222f89] POST /api/v1/predict — 422 (5.2ms)
2026-04-11 00:11:03.582 | INFO     | main:logging_middleware:74 | [?] POST /api/v1/skill-gap — start
2026-04-11 00:11:03.587 | INFO     | main:logging_middleware:82 | [020198aa] POST /api/v1/skill-gap — 422 (5.0ms)
2026-04-11 00:11:54.315 | INFO     | main:logging_middleware:74 | [?] GET /api/v1/candidates — start
2026-04-11 00:11:54.385 | INFO     | main:logging_middleware:82 | [bb41501f] GET /api/v1/candidates — 200 (69.8ms)
2026-04-11 00:12:43.090 | INFO     | main:logging_middleware:74 | [?] GET /health — start
2026-04-11 00:12:43.102 | INFO     | main:logging_middleware:82 | [206a10e3] GET /health — 200 (12.3ms)
2026-04-11 00:23:42.993 | INFO     | main:logging_middleware:74 | [?] POST /api/v1/predict — start
2026-04-11 00:23:43.001 | INFO     | main:logging_middleware:82 | [0a497264] POST /api/v1/predict — 422 (8.1ms)
2026-04-11 00:27:07.891 | INFO     | main:logging_middleware:74 | [?] POST /api/v1/predict — start
2026-04-11 00:27:07.900 | INFO     | main:logging_middleware:82 | [324cd7c2] POST /api/v1/predict — 422 (9.4ms)
2026-04-11 00:27:12.551 | INFO     | main:logging_middleware:74 | [?] POST /api/v1/predict — start
2026-04-11 00:27:12.564 | INFO     | main:logging_middleware:82 | [b5a3ced3] POST /api/v1/predict — 422 (12.5ms)
2026-04-11 00:27:13.599 | INFO     | main:logging_middleware:74 | [?] POST /api/v1/predict — start
2026-04-11 00:27:13.610 | INFO     | main:logging_middleware:82 | [dbe2d5c7] POST /api/v1/predict — 422 (11.3ms)
2026-04-11 00:29:09.851 | INFO     | main:logging_middleware:74 | [?] POST /api/v1/predict — start
2026-04-11 00:29:09.858 | INFO     | main:logging_middleware:82 | [eaa7157c] POST /api/v1/predict — 422 (7.6ms)
2026-04-11 00:29:30.113 | INFO     | main:logging_middleware:74 | [?] POST /api/v1/predict — start
2026-04-11 00:29:30.117 | INFO     | main:logging_middleware:82 | [42b53513] POST /api/v1/predict — 422 (4.0ms)
2026-04-11 00:30:27.933 | INFO     | main:logging_middleware:74 | [?] POST /api/v1/predict — start
2026-04-11 00:30:27.947 | INFO     | main:logging_middleware:82 | [0c600034] POST /api/v1/predict — 422 (14.3ms)
2026-04-11 00:31:49.416 | INFO     | main:logging_middleware:74 | [?] POST /api/v1/predict — start
2026-04-11 00:31:49.433 | INFO     | routes:predict:38 | [f41728a5] POST /predict
2026-04-11 00:31:49.434 | INFO     | workflow:run_pipeline:42 | Workflow: Pipeline started (116 chars)
2026-04-11 00:31:49.436 | INFO     | workflow:run_pipeline:45 | → Stage 1: ResumeAgent
2026-04-11 00:31:49.437 | INFO     | agents.resume_agent:run:35 | ResumeAgent: Parsing resume text (116 chars)
2026-04-11 00:31:49.449 | SUCCESS  | agents.resume_agent:run:57 | ResumeAgent: Parsed → name=Unknown Candidate, skills=5
2026-04-11 00:31:49.452 | INFO     | workflow:run_pipeline:49 | → Stage 2: ScoringAgent
2026-04-11 00:31:49.455 | INFO     | agents.scoring_agent:run:34 | ScoringAgent: Scoring candidate 'Unknown Candidate'
2026-04-11 00:31:49.458 | SUCCESS  | agents.scoring_agent:run:60 | ScoringAgent: overall=4.99
2026-04-11 00:31:49.459 | INFO     | workflow:run_pipeline:53 | → Stage 3: AdvisorAgent
2026-04-11 00:31:49.461 | INFO     | agents.advisor_agent:run:12 | AdvisorAgent: Generating advice for 'Unknown Candidate'
2026-04-11 00:31:49.464 | SUCCESS  | agents.advisor_agent:run:26 | AdvisorAgent: 1 strengths, 4 improvements
2026-04-11 00:31:49.465 | INFO     | workflow:run_pipeline:57 | → Stage 4: ReportAgent
2026-04-11 00:31:49.466 | INFO     | agents.report_agent:run:18 | ReportAgent: Generating report for 'Unknown Candidate'
2026-04-11 00:31:49.473 | SUCCESS  | agents.report_agent:run:34 | ReportAgent: Decision = DECLINE
2026-04-11 00:31:49.475 | SUCCESS  | workflow:run_pipeline:61 | Workflow: Pipeline complete in 41.5ms | decision=HiringDecision.DECLINE
2026-04-11 00:31:49.539 | INFO     | main:logging_middleware:82 | [f41728a5] POST /api/v1/predict — 200 (123.5ms)
